

*******************************************************************************
Wed Mar  8 14:00:48 2023


FIT:    data read from "< awk '(($2==96 && $4==0.9) || ($2==80 && $4==0.9) || ($2==64 && $4==0.9)){print}' ../accum.dat" u 3:2:($27/$2):($28/$2)
        format = x:y:z:s
        #datapoints = 48
function used for fitting: g(x,y)
	g(x,y)=a+b*f(x,y)+c*f(x,y)**2
	f(x,y)=(x-ac)*y**(1./nu)
fitted parameters initialized with current variable values

iter      chisq       delta/lim  lambda   ac            a             b             c            
   0 8.4275412822e+14   0.00e+00  7.24e+06    5.000000e-01   1.000000e+00   1.000000e+00   1.000000e-01
  10 2.1388556603e+02  -7.44e-01  7.24e-04    1.899443e-01   2.728415e-01   2.045200e-02   4.536950e-04

After 10 iterations the fit converged.
final sum of squares of residuals : 213.886
rel. change during last iteration : -7.43643e-06

degrees of freedom    (FIT_NDF)                        : 44
rms of residuals      (FIT_STDFIT) = sqrt(WSSR/ndf)    : 2.20478
variance of residuals (reduced chisquare) = WSSR/ndf   : 4.86104
p-value of the Chisq distribution (FIT_P)              : 0

Final set of parameters            Asymptotic Standard Error
=======================            ==========================
ac              = 0.189944         +/- 9.921e-05    (0.05223%)
a               = 0.272841         +/- 0.0009225    (0.3381%)
b               = 0.020452         +/- 0.0001416    (0.6921%)
c               = 0.000453695      +/- 3.417e-05    (7.531%)

correlation matrix of the fit parameters:
                ac     a      b      c      
ac              1.000 
a               0.965  1.000 
b               0.515  0.484  1.000 
c               0.417  0.296  0.822  1.000 


*******************************************************************************
Tue Mar 28 17:33:31 2023


FIT:    data read from "< awk '(($2==96 && $4==0.09) || ($2==80 && $4==0.09) || ($2==64 && $4==0.09)){print}' ../accum.dat" u 3:2:($27/$2):($28/$2)
        format = x:y:z:s
        x range restricted to [0.432000 : 0.442000]
        #datapoints = 33
function used for fitting: g(x,y)
	g(x,y)=a+b*f(x,y)+c*f(x,y)**2
	f(x,y)=(x-ac)*y**(1./nu)
fitted parameters initialized with current variable values

iter      chisq       delta/lim  lambda   ac            a             b             c            
   0 2.8471456743e+07   0.00e+00  7.08e+02    5.000000e-01   1.000000e+00   1.000000e-03   1.000000e-05
  26 2.7248105254e+02  -8.98e-03  7.08e+02    4.372966e-01   3.420301e-01   4.217388e-02   2.077519e-03

After 26 iterations the fit converged.
final sum of squares of residuals : 272.481
rel. change during last iteration : -8.98375e-08

degrees of freedom    (FIT_NDF)                        : 29
rms of residuals      (FIT_STDFIT) = sqrt(WSSR/ndf)    : 3.06527
variance of residuals (reduced chisquare) = WSSR/ndf   : 9.3959
p-value of the Chisq distribution (FIT_P)              : 0

Final set of parameters            Asymptotic Standard Error
=======================            ==========================
ac              = 0.437297         +/- 9.537e-05    (0.02181%)
a               = 0.34203          +/- 0.001827     (0.5341%)
b               = 0.0421739        +/- 0.0003462    (0.8208%)
c               = 0.00207752       +/- 0.0001525    (7.34%)

correlation matrix of the fit parameters:
                ac     a      b      c      
ac              1.000 
a               0.957  1.000 
b               0.658  0.613  1.000 
c               0.431  0.242  0.600  1.000 


*******************************************************************************
Wed Mar 29 13:57:02 2023


FIT:    data read from "< awk '(($2==96 && $4==0.9) || ($2==80 && $4==0.9) || ($2==64 && $4==0.9)){print}' ../accum.dat" u 3:2:($27/$2):($28/$2)
        format = x:y:z:s
        x range restricted to [0.0740000 : 0.0840000]
        #datapoints = 33
function used for fitting: g(x,y)
	g(x,y)=a+b*f(x,y)+c*f(x,y)**2
	f(x,y)=(x-ac)*y**(1./nu)
fitted parameters initialized with current variable values

iter      chisq       delta/lim  lambda   ac            a             b             c            
   0 3.8565376572e+07   0.00e+00  7.61e+02    8.000000e-02   1.000000e+00   1.000000e-03   1.000000e-05
  26 2.1731772416e+03  -6.04e-01  7.61e-05    7.817038e-02   2.970908e-01   5.496231e-02  -1.219214e-04

After 26 iterations the fit converged.
final sum of squares of residuals : 2173.18
rel. change during last iteration : -6.04264e-06

degrees of freedom    (FIT_NDF)                        : 29
rms of residuals      (FIT_STDFIT) = sqrt(WSSR/ndf)    : 8.65662
variance of residuals (reduced chisquare) = WSSR/ndf   : 74.9371
p-value of the Chisq distribution (FIT_P)              : 0

Final set of parameters            Asymptotic Standard Error
=======================            ==========================
ac              = 0.0781704        +/- 0.0001838    (0.2351%)
a               = 0.297091         +/- 0.004668     (1.571%)
b               = 0.0549623        +/- 0.0006513    (1.185%)
c               = -0.000121921     +/- 0.0004265    (349.8%)

correlation matrix of the fit parameters:
                ac     a      b      c      
ac              1.000 
a               0.953  1.000 
b              -0.223 -0.154  1.000 
c               0.420  0.204 -0.306  1.000 
